This is pdfTeX, Version 3.141592653-2.6-1.40.24 (TeX Live 2022/Debian) (preloaded format=pdflatex 2024.8.5)  6 AUG 2024 12:39
entering extended mode
 restricted \write18 enabled.
 %&-line parsing enabled.
**\write18

*pdflatex - preamble.tex
! Missing { inserted.
<to be read again> 
                   p
<*> p
     dflatex - preamble.tex
? pdflatex -preamble.tex
Type <return> to proceed, S to scroll future error messages,
R to run without stopping, Q to run quietly,
I to insert something, 
1 or ... or 9 to ignore the next 1 to 9 tokens of input,
H for help, X to quit.
? x
 
Here is how much of TeX's memory you used:
 13 strings out of 476091
 358 string characters out of 5794082
 1849330 words of memory out of 5000000
 20499 multiletter control sequences out of 15000+600000
 512287 words of font info for 32 fonts, out of 8000000 for 9000
 1141 hyphenation exceptions out of 8191
 12i,0n,12p,48b,10s stack positions out of 10000i,1000n,20000p,200000b,200000s
No pages of output.
PDF statistics:
 0 PDF objects out of 1000 (max. 8388607)
 0 named destinations out of 1000 (max. 500000)
 1 words of extra memory for PDF output out of 10000 (max. 10000000)

